# JRE version: OpenJDK Runtime Environment (8.0_202-b03) (build 1.8.0_202-release-1483-b03)
# Java VM: OpenJDK 64-Bit Server VM (25.202-b03 mixed mode windows-amd64 compressed oops)
Heap:
 PSYoungGen      total 262656K, used 213750K [0x00000000e0000000, 0x00000000f4900000, 0x0000000100000000)
  eden space 243200K, 83% used [0x00000000e0000000,0x00000000ec6fbd68,0x00000000eed80000)
  from space 19456K, 51% used [0x00000000eed80000,0x00000000ef741d78,0x00000000f0080000)
  to   space 19456K, 0% used [0x00000000f3600000,0x00000000f3600000,0x00000000f4900000)
 ParOldGen       total 72704K, used 34273K [0x00000000a0000000, 0x00000000a4700000, 0x00000000e0000000)
  object space 72704K, 47% used [0x00000000a0000000,0x00000000a2178690,0x00000000a4700000)
 Metaspace       used 76752K, capacity 79738K, committed 79960K, reserved 1118208K
  class space    used 9996K, capacity 10612K, committed 10624K, reserved 1048576K
GC Heap History (10 events):
Event: 15.285 GC heap before
{Heap before GC invocations=16 (full 2):
 PSYoungGen      total 141312K, used 141292K [0x00000000e0000000, 0x00000000ebf00000, 0x0000000100000000)
  eden space 132608K, 100% used [0x00000000e0000000,0x00000000e8180000,0x00000000e8180000)
  from space 8704K, 99% used [0x00000000e8180000,0x00000000e89fb310,0x00000000e8a00000)
  to   space 12800K, 0% used [0x00000000eb280000,0x00000000eb280000,0x00000000ebf00000)
 ParOldGen       total 50176K, used 23965K [0x00000000a0000000, 0x00000000a3100000, 0x00000000e0000000)
  object space 50176K, 47% used [0x00000000a0000000,0x00000000a1767618,0x00000000a3100000)
 Metaspace       used 57143K, capacity 58868K, committed 59028K, reserved 1099776K
  class space    used 7759K, capacity 8157K, committed 8192K, reserved 1048576K
Event: 15.310 GC heap after
Heap after GC invocations=16 (full 2):
 PSYoungGen      total 177664K, used 12788K [0x00000000e0000000, 0x00000000ec700000, 0x0000000100000000)
  eden space 164864K, 0% used [0x00000000e0000000,0x00000000e0000000,0x00000000ea100000)
  from space 12800K, 99% used [0x00000000eb280000,0x00000000ebefd3e8,0x00000000ebf00000)
  to   space 17920K, 0% used [0x00000000ea100000,0x00000000ea100000,0x00000000eb280000)
 ParOldGen       total 50176K, used 32538K [0x00000000a0000000, 0x00000000a3100000, 0x00000000e0000000)
  object space 50176K, 64% used [0x00000000a0000000,0x00000000a1fc6850,0x00000000a3100000)
 Metaspace       used 57143K, capacity 58868K, committed 59028K, reserved 1099776K
  class space    used 7759K, capacity 8157K, committed 8192K, reserved 1048576K
}
Event: 15.356 GC heap before
{Heap before GC invocations=17 (full 2):
 PSYoungGen      total 177664K, used 19311K [0x00000000e0000000, 0x00000000ec700000, 0x0000000100000000)
  eden space 164864K, 3% used [0x00000000e0000000,0x00000000e065e938,0x00000000ea100000)
  from space 12800K, 99% used [0x00000000eb280000,0x00000000ebefd3e8,0x00000000ebf00000)
  to   space 17920K, 0% used [0x00000000ea100000,0x00000000ea100000,0x00000000eb280000)
 ParOldGen       total 50176K, used 32538K [0x00000000a0000000, 0x00000000a3100000, 0x00000000e0000000)
  object space 50176K, 64% used [0x00000000a0000000,0x00000000a1fc6850,0x00000000a3100000)
 Metaspace       used 57330K, capacity 58976K, committed 59028K, reserved 1099776K
  class space    used 7786K, capacity 8167K, committed 8192K, reserved 1048576K
Event: 15.381 GC heap after
Heap after GC invocations=17 (full 2):
 PSYoungGen      total 182784K, used 512K [0x00000000e0000000, 0x00000000f1700000, 0x0000000100000000)
  eden space 164864K, 0% used [0x00000000e0000000,0x00000000e0000000,0x00000000ea100000)
  from space 17920K, 2% used [0x00000000ea100000,0x00000000ea180000,0x00000000eb280000)
  to   space 17920K, 0% used [0x00000000f0580000,0x00000000f0580000,0x00000000f1700000)
 ParOldGen       total 50176K, used 38010K [0x00000000a0000000, 0x00000000a3100000, 0x00000000e0000000)
  object space 50176K, 75% used [0x00000000a0000000,0x00000000a251e9c8,0x00000000a3100000)
 Metaspace       used 57330K, capacity 58976K, committed 59028K, reserved 1099776K
  class space    used 7786K, capacity 8167K, committed 8192K, reserved 1048576K
}
Event: 15.381 GC heap before
{Heap before GC invocations=18 (full 3):
 PSYoungGen      total 182784K, used 512K [0x00000000e0000000, 0x00000000f1700000, 0x0000000100000000)
  eden space 164864K, 0% used [0x00000000e0000000,0x00000000e0000000,0x00000000ea100000)
  from space 17920K, 2% used [0x00000000ea100000,0x00000000ea180000,0x00000000eb280000)
  to   space 17920K, 0% used [0x00000000f0580000,0x00000000f0580000,0x00000000f1700000)
 ParOldGen       total 50176K, used 38010K [0x00000000a0000000, 0x00000000a3100000, 0x00000000e0000000)
  object space 50176K, 75% used [0x00000000a0000000,0x00000000a251e9c8,0x00000000a3100000)
 Metaspace       used 57330K, capacity 58976K, committed 59028K, reserved 1099776K
  class space    used 7786K, capacity 8167K, committed 8192K, reserved 1048576K
Event: 15.704 GC heap after
Heap after GC invocations=18 (full 3):
 PSYoungGen      total 182784K, used 0K [0x00000000e0000000, 0x00000000f1700000, 0x0000000100000000)
  eden space 164864K, 0% used [0x00000000e0000000,0x00000000e0000000,0x00000000ea100000)
  from space 17920K, 0% used [0x00000000ea100000,0x00000000ea100000,0x00000000eb280000)
  to   space 17920K, 0% used [0x00000000f0580000,0x00000000f0580000,0x00000000f1700000)
 ParOldGen       total 72704K, used 28405K [0x00000000a0000000, 0x00000000a4700000, 0x00000000e0000000)
  object space 72704K, 39% used [0x00000000a0000000,0x00000000a1bbd580,0x00000000a4700000)
 Metaspace       used 57273K, capacity 58812K, committed 59028K, reserved 1099776K
  class space    used 7767K, capacity 8135K, committed 8192K, reserved 1048576K
}
Event: 143.230 GC heap before
{Heap before GC invocations=19 (full 3):
 PSYoungGen      total 182784K, used 164864K [0x00000000e0000000, 0x00000000f1700000, 0x0000000100000000)
  eden space 164864K, 100% used [0x00000000e0000000,0x00000000ea100000,0x00000000ea100000)
  from space 17920K, 0% used [0x00000000ea100000,0x00000000ea100000,0x00000000eb280000)
  to   space 17920K, 0% used [0x00000000f0580000,0x00000000f0580000,0x00000000f1700000)
 ParOldGen       total 72704K, used 28405K [0x00000000a0000000, 0x00000000a4700000, 0x00000000e0000000)
  object space 72704K, 39% used [0x00000000a0000000,0x00000000a1bbd580,0x00000000a4700000)
 Metaspace       used 65209K, capacity 67442K, committed 67544K, reserved 1107968K
  class space    used 8703K, capacity 9195K, committed 9216K, reserved 1048576K
Event: 143.260 GC heap after
Heap after GC invocations=19 (full 3):
 PSYoungGen      total 250368K, used 13954K [0x00000000e0000000, 0x00000000f1380000, 0x0000000100000000)
  eden space 236032K, 0% used [0x00000000e0000000,0x00000000e0000000,0x00000000ee680000)
  from space 14336K, 97% used [0x00000000f0580000,0x00000000f1320ae8,0x00000000f1380000)
  to   space 19456K, 0% used [0x00000000eed80000,0x00000000eed80000,0x00000000f0080000)
 ParOldGen       total 72704K, used 28413K [0x00000000a0000000, 0x00000000a4700000, 0x00000000e0000000)
  object space 72704K, 39% used [0x00000000a0000000,0x00000000a1bbf580,0x00000000a4700000)
 Metaspace       used 65209K, capacity 67442K, committed 67544K, reserved 1107968K
  class space    used 8703K, capacity 9195K, committed 9216K, reserved 1048576K
}
Event: 9472.416 GC heap before
{Heap before GC invocations=20 (full 3):
 PSYoungGen      total 250368K, used 249986K [0x00000000e0000000, 0x00000000f1380000, 0x0000000100000000)
  eden space 236032K, 100% used [0x00000000e0000000,0x00000000ee680000,0x00000000ee680000)
  from space 14336K, 97% used [0x00000000f0580000,0x00000000f1320ae8,0x00000000f1380000)
  to   space 19456K, 0% used [0x00000000eed80000,0x00000000eed80000,0x00000000f0080000)
 ParOldGen       total 72704K, used 28413K [0x00000000a0000000, 0x00000000a4700000, 0x00000000e0000000)
  object space 72704K, 39% used [0x00000000a0000000,0x00000000a1bbf580,0x00000000a4700000)
 Metaspace       used 69943K, capacity 72746K, committed 73048K, reserved 1112064K
  class space    used 9193K, capacity 9776K, committed 9856K, reserved 1048576K
Event: 9472.817 GC heap after
Heap after GC invocations=20 (full 3):
 PSYoungGen      total 262656K, used 9991K [0x00000000e0000000, 0x00000000f4900000, 0x0000000100000000)
  eden space 243200K, 0% used [0x00000000e0000000,0x00000000e0000000,0x00000000eed80000)
  from space 19456K, 51% used [0x00000000eed80000,0x00000000ef741d78,0x00000000f0080000)
  to   space 19456K, 0% used [0x00000000f3600000,0x00000000f3600000,0x00000000f4900000)
 ParOldGen       total 72704K, used 34273K [0x00000000a0000000, 0x00000000a4700000, 0x00000000e0000000)
  object space 72704K, 47% used [0x00000000a0000000,0x00000000a2178690,0x00000000a4700000)
 Metaspace       used 69943K, capacity 72746K, committed 73048K, reserved 1112064K
  class space    used 9193K, capacity 9776K, committed 9856K, reserved 1048576K
}

