# JRE version: OpenJDK Runtime Environment (8.0_202-b03) (build 1.8.0_202-release-1483-b03)
# Java VM: OpenJDK 64-Bit Server VM (25.202-b03 mixed mode windows-amd64 compressed oops)
Heap:
 PSYoungGen      total 130048K, used 68206K [0x00000000e0000000, 0x00000000eb280000, 0x0000000100000000)
  eden space 121344K, 49% used [0x00000000e0000000,0x00000000e3a1ca88,0x00000000e7680000)
  from space 8704K, 99% used [0x00000000e7680000,0x00000000e7eff0f0,0x00000000e7f00000)
  to   space 12288K, 0% used [0x00000000ea680000,0x00000000ea680000,0x00000000eb280000)
 ParOldGen       total 54272K, used 22538K [0x00000000a0000000, 0x00000000a3500000, 0x00000000e0000000)
  object space 54272K, 41% used [0x00000000a0000000,0x00000000a1602bd0,0x00000000a3500000)
 Metaspace       used 51580K, capacity 52966K, committed 53288K, reserved 1095680K
  class space    used 6986K, capacity 7388K, committed 7464K, reserved 1048576K
GC Heap History (10 events):
Event: 10.049 GC heap before
{Heap before GC invocations=11 (full 1):
 PSYoungGen      total 72192K, used 65024K [0x00000000e0000000, 0x00000000e7400000, 0x0000000100000000)
  eden space 65024K, 100% used [0x00000000e0000000,0x00000000e3f80000,0x00000000e3f80000)
  from space 7168K, 0% used [0x00000000e3f80000,0x00000000e3f80000,0x00000000e4680000)
  to   space 7168K, 0% used [0x00000000e6d00000,0x00000000e6d00000,0x00000000e7400000)
 ParOldGen       total 34304K, used 9678K [0x00000000a0000000, 0x00000000a2180000, 0x00000000e0000000)
  object space 34304K, 28% used [0x00000000a0000000,0x00000000a0973a28,0x00000000a2180000)
 Metaspace       used 29022K, capacity 29558K, committed 29824K, reserved 1075200K
  class space    used 3911K, capacity 4100K, committed 4224K, reserved 1048576K
Event: 10.066 GC heap after
Heap after GC invocations=11 (full 1):
 PSYoungGen      total 96768K, used 7154K [0x00000000e0000000, 0x00000000e7400000, 0x0000000100000000)
  eden space 89600K, 0% used [0x00000000e0000000,0x00000000e0000000,0x00000000e5780000)
  from space 7168K, 99% used [0x00000000e6d00000,0x00000000e73fcbf8,0x00000000e7400000)
  to   space 8192K, 0% used [0x00000000e6400000,0x00000000e6400000,0x00000000e6c00000)
 ParOldGen       total 34304K, used 10462K [0x00000000a0000000, 0x00000000a2180000, 0x00000000e0000000)
  object space 34304K, 30% used [0x00000000a0000000,0x00000000a0a37888,0x00000000a2180000)
 Metaspace       used 29022K, capacity 29558K, committed 29824K, reserved 1075200K
  class space    used 3911K, capacity 4100K, committed 4224K, reserved 1048576K
}
Event: 12.106 GC heap before
{Heap before GC invocations=12 (full 1):
 PSYoungGen      total 96768K, used 96754K [0x00000000e0000000, 0x00000000e7400000, 0x0000000100000000)
  eden space 89600K, 100% used [0x00000000e0000000,0x00000000e5780000,0x00000000e5780000)
  from space 7168K, 99% used [0x00000000e6d00000,0x00000000e73fcbf8,0x00000000e7400000)
  to   space 8192K, 0% used [0x00000000e6400000,0x00000000e6400000,0x00000000e6c00000)
 ParOldGen       total 34304K, used 10462K [0x00000000a0000000, 0x00000000a2180000, 0x00000000e0000000)
  object space 34304K, 30% used [0x00000000a0000000,0x00000000a0a37888,0x00000000a2180000)
 Metaspace       used 33749K, capacity 34400K, committed 34688K, reserved 1079296K
  class space    used 4646K, capacity 4873K, committed 4992K, reserved 1048576K
Event: 12.123 GC heap after
Heap after GC invocations=12 (full 1):
 PSYoungGen      total 110592K, used 7146K [0x00000000e0000000, 0x00000000e8780000, 0x0000000100000000)
  eden space 102400K, 0% used [0x00000000e0000000,0x00000000e0000000,0x00000000e6400000)
  from space 8192K, 87% used [0x00000000e6400000,0x00000000e6afab60,0x00000000e6c00000)
  to   space 8704K, 0% used [0x00000000e7f00000,0x00000000e7f00000,0x00000000e8780000)
 ParOldGen       total 34304K, used 13666K [0x00000000a0000000, 0x00000000a2180000, 0x00000000e0000000)
  object space 34304K, 39% used [0x00000000a0000000,0x00000000a0d588a8,0x00000000a2180000)
 Metaspace       used 33749K, capacity 34400K, committed 34688K, reserved 1079296K
  class space    used 4646K, capacity 4873K, committed 4992K, reserved 1048576K
}
Event: 12.888 GC heap before
{Heap before GC invocations=13 (full 1):
 PSYoungGen      total 110592K, used 34425K [0x00000000e0000000, 0x00000000e8780000, 0x0000000100000000)
  eden space 102400K, 26% used [0x00000000e0000000,0x00000000e1aa3928,0x00000000e6400000)
  from space 8192K, 87% used [0x00000000e6400000,0x00000000e6afab60,0x00000000e6c00000)
  to   space 8704K, 0% used [0x00000000e7f00000,0x00000000e7f00000,0x00000000e8780000)
 ParOldGen       total 34304K, used 13666K [0x00000000a0000000, 0x00000000a2180000, 0x00000000e0000000)
  object space 34304K, 39% used [0x00000000a0000000,0x00000000a0d588a8,0x00000000a2180000)
 Metaspace       used 34674K, capacity 35434K, committed 35496K, reserved 1079296K
  class space    used 4783K, capacity 4998K, committed 5032K, reserved 1048576K
Event: 12.905 GC heap after
Heap after GC invocations=13 (full 1):
 PSYoungGen      total 130048K, used 2962K [0x00000000e0000000, 0x00000000e9a00000, 0x0000000100000000)
  eden space 121344K, 0% used [0x00000000e0000000,0x00000000e0000000,0x00000000e7680000)
  from space 8704K, 34% used [0x00000000e7f00000,0x00000000e81e4a80,0x00000000e8780000)
  to   space 8704K, 0% used [0x00000000e7680000,0x00000000e7680000,0x00000000e7f00000)
 ParOldGen       total 34304K, used 16178K [0x00000000a0000000, 0x00000000a2180000, 0x00000000e0000000)
  object space 34304K, 47% used [0x00000000a0000000,0x00000000a0fcc828,0x00000000a2180000)
 Metaspace       used 34674K, capacity 35434K, committed 35496K, reserved 1079296K
  class space    used 4783K, capacity 4998K, committed 5032K, reserved 1048576K
}
Event: 12.905 GC heap before
{Heap before GC invocations=14 (full 2):
 PSYoungGen      total 130048K, used 2962K [0x00000000e0000000, 0x00000000e9a00000, 0x0000000100000000)
  eden space 121344K, 0% used [0x00000000e0000000,0x00000000e0000000,0x00000000e7680000)
  from space 8704K, 34% used [0x00000000e7f00000,0x00000000e81e4a80,0x00000000e8780000)
  to   space 8704K, 0% used [0x00000000e7680000,0x00000000e7680000,0x00000000e7f00000)
 ParOldGen       total 34304K, used 16178K [0x00000000a0000000, 0x00000000a2180000, 0x00000000e0000000)
  object space 34304K, 47% used [0x00000000a0000000,0x00000000a0fcc828,0x00000000a2180000)
 Metaspace       used 34674K, capacity 35434K, committed 35496K, reserved 1079296K
  class space    used 4783K, capacity 4998K, committed 5032K, reserved 1048576K
Event: 13.104 GC heap after
Heap after GC invocations=14 (full 2):
 PSYoungGen      total 130048K, used 0K [0x00000000e0000000, 0x00000000e9a00000, 0x0000000100000000)
  eden space 121344K, 0% used [0x00000000e0000000,0x00000000e0000000,0x00000000e7680000)
  from space 8704K, 0% used [0x00000000e7f00000,0x00000000e7f00000,0x00000000e8780000)
  to   space 8704K, 0% used [0x00000000e7680000,0x00000000e7680000,0x00000000e7f00000)
 ParOldGen       total 54272K, used 15551K [0x00000000a0000000, 0x00000000a3500000, 0x00000000e0000000)
  object space 54272K, 28% used [0x00000000a0000000,0x00000000a0f2ff48,0x00000000a3500000)
 Metaspace       used 34667K, capacity 35410K, committed 35496K, reserved 1079296K
  class space    used 4781K, capacity 4994K, committed 5032K, reserved 1048576K
}
Event: 16.351 GC heap before
{Heap before GC invocations=15 (full 2):
 PSYoungGen      total 130048K, used 121344K [0x00000000e0000000, 0x00000000e9a00000, 0x0000000100000000)
  eden space 121344K, 100% used [0x00000000e0000000,0x00000000e7680000,0x00000000e7680000)
  from space 8704K, 0% used [0x00000000e7f00000,0x00000000e7f00000,0x00000000e8780000)
  to   space 8704K, 0% used [0x00000000e7680000,0x00000000e7680000,0x00000000e7f00000)
 ParOldGen       total 54272K, used 15551K [0x00000000a0000000, 0x00000000a3500000, 0x00000000e0000000)
  object space 54272K, 28% used [0x00000000a0000000,0x00000000a0f2ff48,0x00000000a3500000)
 Metaspace       used 45875K, capacity 47078K, committed 47272K, reserved 1089536K
  class space    used 6193K, capacity 6524K, committed 6568K, reserved 1048576K
Event: 16.531 GC heap after
Heap after GC invocations=15 (full 2):
 PSYoungGen      total 130048K, used 8700K [0x00000000e0000000, 0x00000000eb280000, 0x0000000100000000)
  eden space 121344K, 0% used [0x00000000e0000000,0x00000000e0000000,0x00000000e7680000)
  from space 8704K, 99% used [0x00000000e7680000,0x00000000e7eff0f0,0x00000000e7f00000)
  to   space 12288K, 0% used [0x00000000ea680000,0x00000000ea680000,0x00000000eb280000)
 ParOldGen       total 54272K, used 22538K [0x00000000a0000000, 0x00000000a3500000, 0x00000000e0000000)
  object space 54272K, 41% used [0x00000000a0000000,0x00000000a1602bd0,0x00000000a3500000)
 Metaspace       used 45875K, capacity 47078K, committed 47272K, reserved 1089536K
  class space    used 6193K, capacity 6524K, committed 6568K, reserved 1048576K
}

